<?xml version="1.0" encoding="UTF-8"?>
<!-- Generated by org.testng.reporters.JUnitXMLReporter -->
<testsuite ignored="0" hostname="LAPTOP-0U18I7A7" failures="0" tests="4" name="Test1" time="0.212" errors="0" timestamp="2024-11-21T10:07:16 GMT-05:00">
  <testcase classname="com.TestNGAnnotation.ClassA" name="Testcase1" time="0.01"/>
  <testcase classname="com.TestNGAnnotation.ClassA" name="Testcase2" time="0.004"/>
  <testcase classname="com.TestNGAnnotation.ClassB" name="Testcase3" time="0.002"/>
  <testcase classname="com.TestNGAnnotation.ClassB" name="Testcase4" time="0.003"/>
</testsuite> <!-- Test1 -->
