<?xml version="1.0" encoding="UTF-8"?>
<testng-results ignored="0" total="1" passed="1" failed="0" skipped="0">
  <reporter-output>
  </reporter-output>
  <suite started-at="2024-12-04T12:00:57 GMT-05:00" name="Default suite" finished-at="2024-12-04T12:01:07 GMT-05:00" duration-ms="10219">
    <groups>
    </groups>
    <test started-at="2024-12-04T12:00:57 GMT-05:00" name="Default test" finished-at="2024-12-04T12:01:07 GMT-05:00" duration-ms="10219">
      <class name="com.TestNG.TakeScreenshotusingUtility">
        <test-method signature="TakeScreenshot()[pri:0, instance:com.TestNG.TakeScreenshotusingUtility@7b36aa0c]" started-at="2024-12-04T12:00:57 GMT-05:00" name="TakeScreenshot" finished-at="2024-12-04T12:01:07 GMT-05:00" duration-ms="10158" status="PASS">
          <reporter-output>
          </reporter-output>
        </test-method> <!-- TakeScreenshot -->
      </class> <!-- com.TestNG.TakeScreenshotusingUtility -->
    </test> <!-- Default test -->
  </suite> <!-- Default suite -->
</testng-results>
